2025-03-21 22:57:55,765 - INFO - [youtube_manager] - Starting YouTube Video Manager...
2025-03-21 22:57:55,813 - INFO - [app.services.google_drive] - Google Drive service initialized successfully
2025-03-21 22:57:58,357 - INFO - [app.services.google_sheets] - Created headers in worksheet
2025-03-21 22:57:58,359 - INFO - [app.services.google_sheets] - Google Sheets service initialized successfully
2025-03-21 22:58:05,673 - INFO - [app.services.google_sheets] - Added video How Hypersonic Missile Works? to spreadsheet
2025-03-21 22:58:05,723 - INFO - [app.core.downloader] - Downloading video: How Hypersonic Missile Works?
2025-03-21 22:58:20,274 - INFO - [app.core.downloader] - Download completed, now processing...
2025-03-21 22:58:21,396 - INFO - [app.core.downloader] - Download completed, now processing...
2025-03-21 22:58:22,196 - INFO - [app.core.downloader] - Video saved to: d:\Python Projects\YouTube\storage\videos\processed\How Hypersonic Missile Works__83Gxpdw6U5Y.mp4
2025-03-21 22:58:22,206 - INFO - [app.services.google_drive] - Starting file upload to Google Drive
2025-03-21 22:59:38,221 - INFO - [app.services.google_drive] - Upload progress: 0%
2025-03-21 22:59:38,222 - INFO - [app.services.google_drive] - Upload progress: 15%
2025-03-21 23:01:00,050 - INFO - [app.services.google_drive] - Upload progress: 31%
2025-03-21 23:02:29,304 - INFO - [app.services.google_drive] - Upload progress: 47%
2025-03-21 23:03:48,248 - INFO - [app.services.google_drive] - Upload progress: 63%
2025-03-21 23:04:57,036 - INFO - [app.services.google_drive] - Upload progress: 79%
2025-03-21 23:05:59,954 - INFO - [app.services.google_drive] - Upload progress: 94%
2025-03-21 23:06:21,314 - INFO - [app.services.google_drive] - Upload progress: 100%
2025-03-21 23:06:21,315 - INFO - [app.services.google_drive] - File upload completed successfully
2025-03-21 23:06:21,316 - INFO - [app.services.google_drive] - File uploaded successfully. ID: 1uzYTTlzhivrgd7uRfKp6nauy1iyxyhGB
2025-03-21 23:06:23,083 - INFO - [app.services.google_sheets] - Updated status for video 'How Hypersonic Missile Works?'
2025-03-21 23:06:23,084 - INFO - [app.core.processor] - Successfully processed video: How Hypersonic Missile Works?
2025-03-21 23:06:28,276 - INFO - [youtube_manager] - Application shutdown complete.
