2025-03-12 20:47:53,495 - INFO - [main.py:97] - Successfully authenticated with Google services
2025-03-12 20:48:33,874 - INFO - [main.py:134] - Spreadsheet found with ID: 1Zi0Pjsdnd6rOCRuFA-pwKrXlzuGKCaLFebD51fnKDqU
2025-03-12 20:48:34,798 - INFO - [main.py:340] - Fetching data for video: https://www.youtube.com/watch?v=rwxRoYzwkyM
2025-03-12 20:48:39,194 - INFO - [main.py:201] - Successfully extracted data for video: Cursor AI Tutorial - My Personal Tips & Tricks (AI Code Editor)
2025-03-12 20:48:39,196 - INFO - [main.py:347] - Downloading video...
2025-03-12 20:48:50,751 - INFO - [main.py:127] - Download progress: [0;94m  0.0%[0m
2025-03-12 20:48:50,752 - INFO - [main.py:127] - Download progress: [0;94m  0.0%[0m
2025-03-12 20:48:50,761 - INFO - [main.py:127] - Download progress: [0;94m  0.0%[0m
2025-03-12 20:48:50,766 - INFO - [main.py:127] - Download progress: [0;94m  0.0%[0m
2025-03-12 20:48:50,774 - INFO - [main.py:127] - Download progress: [0;94m  0.0%[0m
2025-03-12 20:48:50,787 - INFO - [main.py:127] - Download progress: [0;94m  0.0%[0m
2025-03-12 20:48:50,820 - INFO - [main.py:127] - Download progress: [0;94m  0.0%[0m
2025-03-12 20:48:50,859 - INFO - [main.py:127] - Download progress: [0;94m  0.1%[0m
2025-03-12 20:48:50,931 - INFO - [main.py:127] - Download progress: [0;94m  0.1%[0m
2025-03-12 20:48:51,028 - INFO - [main.py:127] - Download progress: [0;94m  0.3%[0m
2025-03-12 20:48:51,194 - INFO - [main.py:127] - Download progress: [0;94m  0.6%[0m
2025-03-12 20:48:51,601 - INFO - [main.py:127] - Download progress: [0;94m  1.2%[0m
2025-03-12 20:48:52,275 - INFO - [main.py:127] - Download progress: [0;94m  2.3%[0m
2025-03-12 20:48:52,583 - INFO - [main.py:127] - Download progress: [0;94m  2.9%[0m
2025-03-12 20:48:52,629 - INFO - [main.py:127] - Download progress: [0;94m  2.9%[0m
2025-03-12 20:48:52,631 - INFO - [main.py:127] - Download progress: [0;94m  2.9%[0m
2025-03-12 20:48:52,631 - INFO - [main.py:127] - Download progress: [0;94m  2.9%[0m
2025-03-12 20:48:52,633 - INFO - [main.py:127] - Download progress: [0;94m  2.9%[0m
2025-03-12 20:48:52,634 - INFO - [main.py:127] - Download progress: [0;94m  2.9%[0m
2025-03-12 20:48:52,638 - INFO - [main.py:127] - Download progress: [0;94m  2.9%[0m
2025-03-12 20:48:52,671 - INFO - [main.py:127] - Download progress: [0;94m  2.9%[0m
2025-03-12 20:48:52,695 - INFO - [main.py:127] - Download progress: [0;94m  2.9%[0m
2025-03-12 20:48:52,738 - INFO - [main.py:127] - Download progress: [0;94m  3.0%[0m
2025-03-12 20:48:52,825 - INFO - [main.py:127] - Download progress: [0;94m  3.2%[0m
2025-03-12 20:48:52,990 - INFO - [main.py:127] - Download progress: [0;94m  3.4%[0m
2025-03-12 20:48:53,348 - INFO - [main.py:127] - Download progress: [0;94m  4.0%[0m
2025-03-12 20:48:54,038 - INFO - [main.py:127] - Download progress: [0;94m  5.2%[0m
2025-03-12 20:48:54,322 - INFO - [main.py:127] - Download progress: [0;94m  5.7%[0m
2025-03-12 20:48:54,413 - INFO - [main.py:127] - Download progress: [0;94m  5.7%[0m
2025-03-12 20:48:54,415 - INFO - [main.py:127] - Download progress: [0;94m  5.7%[0m
2025-03-12 20:48:54,418 - INFO - [main.py:127] - Download progress: [0;94m  5.7%[0m
2025-03-12 20:48:54,419 - INFO - [main.py:127] - Download progress: [0;94m  5.7%[0m
2025-03-12 20:48:54,421 - INFO - [main.py:127] - Download progress: [0;94m  5.7%[0m
2025-03-12 20:48:54,430 - INFO - [main.py:127] - Download progress: [0;94m  5.7%[0m
2025-03-12 20:48:54,447 - INFO - [main.py:127] - Download progress: [0;94m  5.8%[0m
2025-03-12 20:48:54,624 - INFO - [main.py:127] - Download progress: [0;94m  5.8%[0m
2025-03-12 20:48:54,632 - INFO - [main.py:127] - Download progress: [0;94m  5.9%[0m
2025-03-12 20:48:54,707 - INFO - [main.py:127] - Download progress: [0;94m  6.0%[0m
2025-03-12 20:48:54,903 - INFO - [main.py:127] - Download progress: [0;94m  6.3%[0m
2025-03-12 20:48:55,252 - INFO - [main.py:127] - Download progress: [0;94m  6.9%[0m
2025-03-12 20:48:55,905 - INFO - [main.py:127] - Download progress: [0;94m  8.0%[0m
2025-03-12 20:48:56,199 - INFO - [main.py:127] - Download progress: [0;94m  8.6%[0m
2025-03-12 20:48:56,442 - INFO - [main.py:127] - Download progress: [0;94m  8.6%[0m
2025-03-12 20:48:56,448 - INFO - [main.py:127] - Download progress: [0;94m  8.6%[0m
2025-03-12 20:48:56,449 - INFO - [main.py:127] - Download progress: [0;94m  8.6%[0m
2025-03-12 20:48:56,450 - INFO - [main.py:127] - Download progress: [0;94m  8.6%[0m
2025-03-12 20:48:56,451 - INFO - [main.py:127] - Download progress: [0;94m  8.6%[0m
2025-03-12 20:48:56,451 - INFO - [main.py:127] - Download progress: [0;94m  8.6%[0m
2025-03-12 20:48:56,456 - INFO - [main.py:127] - Download progress: [0;94m  8.6%[0m
2025-03-12 20:48:56,476 - INFO - [main.py:127] - Download progress: [0;94m  8.7%[0m
2025-03-12 20:48:56,693 - INFO - [main.py:127] - Download progress: [0;94m  8.7%[0m
2025-03-12 20:48:56,778 - INFO - [main.py:127] - Download progress: [0;94m  8.9%[0m
2025-03-12 20:48:56,943 - INFO - [main.py:127] - Download progress: [0;94m  9.2%[0m
2025-03-12 20:48:57,255 - INFO - [main.py:127] - Download progress: [0;94m  9.7%[0m
2025-03-12 20:48:57,890 - INFO - [main.py:127] - Download progress: [0;94m 10.9%[0m
2025-03-12 20:48:58,160 - INFO - [main.py:127] - Download progress: [0;94m 11.4%[0m
2025-03-12 20:48:58,244 - INFO - [main.py:127] - Download progress: [0;94m 11.4%[0m
2025-03-12 20:48:58,246 - INFO - [main.py:127] - Download progress: [0;94m 11.4%[0m
2025-03-12 20:48:58,248 - INFO - [main.py:127] - Download progress: [0;94m 11.4%[0m
2025-03-12 20:48:58,250 - INFO - [main.py:127] - Download progress: [0;94m 11.4%[0m
2025-03-12 20:48:58,251 - INFO - [main.py:127] - Download progress: [0;94m 11.4%[0m
2025-03-12 20:48:58,256 - INFO - [main.py:127] - Download progress: [0;94m 11.4%[0m
2025-03-12 20:48:58,267 - INFO - [main.py:127] - Download progress: [0;94m 11.5%[0m
2025-03-12 20:48:58,287 - INFO - [main.py:127] - Download progress: [0;94m 11.5%[0m
2025-03-12 20:48:58,321 - INFO - [main.py:127] - Download progress: [0;94m 11.6%[0m
2025-03-12 20:48:58,407 - INFO - [main.py:127] - Download progress: [0;94m 11.7%[0m
2025-03-12 20:48:58,566 - INFO - [main.py:127] - Download progress: [0;94m 12.0%[0m
2025-03-12 20:48:58,876 - INFO - [main.py:127] - Download progress: [0;94m 12.6%[0m
2025-03-12 20:48:59,541 - INFO - [main.py:127] - Download progress: [0;94m 13.7%[0m
2025-03-12 20:49:00,012 - INFO - [main.py:127] - Download progress: [0;94m 14.3%[0m
2025-03-12 20:49:00,085 - INFO - [main.py:127] - Download progress: [0;94m 14.3%[0m
2025-03-12 20:49:00,087 - INFO - [main.py:127] - Download progress: [0;94m 14.3%[0m
2025-03-12 20:49:00,088 - INFO - [main.py:127] - Download progress: [0;94m 14.3%[0m
2025-03-12 20:49:00,089 - INFO - [main.py:127] - Download progress: [0;94m 14.3%[0m
2025-03-12 20:49:00,090 - INFO - [main.py:127] - Download progress: [0;94m 14.3%[0m
2025-03-12 20:49:00,093 - INFO - [main.py:127] - Download progress: [0;94m 14.3%[0m
2025-03-12 20:49:00,110 - INFO - [main.py:127] - Download progress: [0;94m 14.3%[0m
2025-03-12 20:49:00,128 - INFO - [main.py:127] - Download progress: [0;94m 14.3%[0m
2025-03-12 20:49:00,184 - INFO - [main.py:127] - Download progress: [0;94m 14.4%[0m
2025-03-12 20:49:00,277 - INFO - [main.py:127] - Download progress: [0;94m 14.6%[0m
2025-03-12 20:49:00,453 - INFO - [main.py:127] - Download progress: [0;94m 14.8%[0m
2025-03-12 20:49:00,823 - INFO - [main.py:127] - Download progress: [0;94m 15.4%[0m
2025-03-12 20:49:01,514 - INFO - [main.py:127] - Download progress: [0;94m 16.6%[0m
2025-03-12 20:49:01,822 - INFO - [main.py:127] - Download progress: [0;94m 17.0%[0m
2025-03-12 20:49:02,023 - INFO - [main.py:127] - Download progress: [0;94m 17.0%[0m
2025-03-12 20:49:02,026 - INFO - [main.py:127] - Download progress: [0;94m 17.0%[0m
2025-03-12 20:49:02,030 - INFO - [main.py:127] - Download progress: [0;94m 17.0%[0m
2025-03-12 20:49:02,034 - INFO - [main.py:127] - Download progress: [0;94m 17.0%[0m
2025-03-12 20:49:02,035 - INFO - [main.py:127] - Download progress: [0;94m 17.0%[0m
2025-03-12 20:49:02,036 - INFO - [main.py:127] - Download progress: [0;94m 17.0%[0m
2025-03-12 20:49:02,037 - INFO - [main.py:127] - Download progress: [0;94m 17.1%[0m
2025-03-12 20:49:02,071 - INFO - [main.py:127] - Download progress: [0;94m 17.1%[0m
2025-03-12 20:49:02,108 - INFO - [main.py:127] - Download progress: [0;94m 17.2%[0m
2025-03-12 20:49:02,195 - INFO - [main.py:127] - Download progress: [0;94m 17.3%[0m
2025-03-12 20:49:02,362 - INFO - [main.py:127] - Download progress: [0;94m 17.6%[0m
2025-03-12 20:49:02,667 - INFO - [main.py:127] - Download progress: [0;94m 18.2%[0m
2025-03-12 20:49:03,307 - INFO - [main.py:127] - Download progress: [0;94m 19.3%[0m
2025-03-12 20:49:03,564 - INFO - [main.py:127] - Download progress: [0;94m 19.8%[0m
2025-03-12 20:49:03,847 - INFO - [main.py:127] - Download progress: [0;94m 19.8%[0m
2025-03-12 20:49:03,848 - INFO - [main.py:127] - Download progress: [0;94m 19.8%[0m
2025-03-12 20:49:03,849 - INFO - [main.py:127] - Download progress: [0;94m 19.8%[0m
2025-03-12 20:49:03,850 - INFO - [main.py:127] - Download progress: [0;94m 19.8%[0m
2025-03-12 20:49:03,851 - INFO - [main.py:127] - Download progress: [0;94m 19.8%[0m
2025-03-12 20:49:03,852 - INFO - [main.py:127] - Download progress: [0;94m 19.9%[0m
2025-03-12 20:49:03,852 - INFO - [main.py:127] - Download progress: [0;94m 19.9%[0m
2025-03-12 20:49:03,872 - INFO - [main.py:127] - Download progress: [0;94m 19.9%[0m
2025-03-12 20:49:03,912 - INFO - [main.py:127] - Download progress: [0;94m 20.0%[0m
2025-03-12 20:49:03,989 - INFO - [main.py:127] - Download progress: [0;94m 20.1%[0m
2025-03-12 20:49:04,144 - INFO - [main.py:127] - Download progress: [0;94m 20.4%[0m
2025-03-12 20:49:04,462 - INFO - [main.py:127] - Download progress: [0;94m 21.0%[0m
2025-03-12 20:49:05,287 - INFO - [main.py:127] - Download progress: [0;94m 22.2%[0m
2025-03-12 20:49:05,567 - INFO - [main.py:127] - Download progress: [0;94m 22.7%[0m
2025-03-12 20:49:05,803 - INFO - [main.py:127] - Download progress: [0;94m 22.7%[0m
2025-03-12 20:49:05,804 - INFO - [main.py:127] - Download progress: [0;94m 22.7%[0m
2025-03-12 20:49:05,807 - INFO - [main.py:127] - Download progress: [0;94m 22.7%[0m
2025-03-12 20:49:05,809 - INFO - [main.py:127] - Download progress: [0;94m 22.7%[0m
2025-03-12 20:49:05,811 - INFO - [main.py:127] - Download progress: [0;94m 22.7%[0m
2025-03-12 20:49:05,812 - INFO - [main.py:127] - Download progress: [0;94m 22.7%[0m
2025-03-12 20:49:05,823 - INFO - [main.py:127] - Download progress: [0;94m 22.7%[0m
2025-03-12 20:49:05,841 - INFO - [main.py:127] - Download progress: [0;94m 22.7%[0m
2025-03-12 20:49:05,885 - INFO - [main.py:127] - Download progress: [0;94m 22.8%[0m
2025-03-12 20:49:05,963 - INFO - [main.py:127] - Download progress: [0;94m 23.0%[0m
2025-03-12 20:49:06,121 - INFO - [main.py:127] - Download progress: [0;94m 23.3%[0m
2025-03-12 20:49:06,447 - INFO - [main.py:127] - Download progress: [0;94m 23.8%[0m
2025-03-12 20:49:07,061 - INFO - [main.py:127] - Download progress: [0;94m 25.0%[0m
2025-03-12 20:49:07,305 - INFO - [main.py:127] - Download progress: [0;94m 25.4%[0m
2025-03-12 20:49:07,387 - INFO - [main.py:127] - Download progress: [0;94m 25.4%[0m
2025-03-12 20:49:07,388 - INFO - [main.py:127] - Download progress: [0;94m 25.4%[0m
2025-03-12 20:49:07,389 - INFO - [main.py:127] - Download progress: [0;94m 25.4%[0m
2025-03-12 20:49:07,390 - INFO - [main.py:127] - Download progress: [0;94m 25.4%[0m
2025-03-12 20:49:07,391 - INFO - [main.py:127] - Download progress: [0;94m 25.4%[0m
2025-03-12 20:49:07,393 - INFO - [main.py:127] - Download progress: [0;94m 25.5%[0m
2025-03-12 20:49:07,403 - INFO - [main.py:127] - Download progress: [0;94m 25.5%[0m
2025-03-12 20:49:07,435 - INFO - [main.py:127] - Download progress: [0;94m 25.5%[0m
2025-03-12 20:49:07,478 - INFO - [main.py:127] - Download progress: [0;94m 25.6%[0m
2025-03-12 20:49:07,558 - INFO - [main.py:127] - Download progress: [0;94m 25.7%[0m
2025-03-12 20:49:07,716 - INFO - [main.py:127] - Download progress: [0;94m 26.0%[0m
2025-03-12 20:49:08,019 - INFO - [main.py:127] - Download progress: [0;94m 26.6%[0m
2025-03-12 20:49:08,659 - INFO - [main.py:127] - Download progress: [0;94m 27.8%[0m
2025-03-12 20:49:08,938 - INFO - [main.py:127] - Download progress: [0;94m 28.3%[0m
2025-03-12 20:49:09,154 - INFO - [main.py:127] - Download progress: [0;94m 28.3%[0m
2025-03-12 20:49:09,156 - INFO - [main.py:127] - Download progress: [0;94m 28.3%[0m
2025-03-12 20:49:09,157 - INFO - [main.py:127] - Download progress: [0;94m 28.3%[0m
2025-03-12 20:49:09,158 - INFO - [main.py:127] - Download progress: [0;94m 28.3%[0m
2025-03-12 20:49:09,159 - INFO - [main.py:127] - Download progress: [0;94m 28.3%[0m
2025-03-12 20:49:09,159 - INFO - [main.py:127] - Download progress: [0;94m 28.3%[0m
2025-03-12 20:49:09,162 - INFO - [main.py:127] - Download progress: [0;94m 28.3%[0m
2025-03-12 20:49:09,186 - INFO - [main.py:127] - Download progress: [0;94m 28.3%[0m
2025-03-12 20:49:09,224 - INFO - [main.py:127] - Download progress: [0;94m 28.4%[0m
2025-03-12 20:49:09,347 - INFO - [main.py:127] - Download progress: [0;94m 28.5%[0m
2025-03-12 20:49:09,503 - INFO - [main.py:127] - Download progress: [0;94m 28.8%[0m
2025-03-12 20:49:09,810 - INFO - [main.py:127] - Download progress: [0;94m 29.4%[0m
2025-03-12 20:49:10,625 - INFO - [main.py:127] - Download progress: [0;94m 30.6%[0m
2025-03-12 20:49:10,907 - INFO - [main.py:127] - Download progress: [0;94m 31.0%[0m
2025-03-12 20:49:10,987 - INFO - [main.py:127] - Download progress: [0;94m 31.0%[0m
2025-03-12 20:49:10,989 - INFO - [main.py:127] - Download progress: [0;94m 31.0%[0m
2025-03-12 20:49:10,992 - INFO - [main.py:127] - Download progress: [0;94m 31.0%[0m
2025-03-12 20:49:10,993 - INFO - [main.py:127] - Download progress: [0;94m 31.0%[0m
2025-03-12 20:49:10,997 - INFO - [main.py:127] - Download progress: [0;94m 31.0%[0m
2025-03-12 20:49:10,998 - INFO - [main.py:127] - Download progress: [0;94m 31.0%[0m
2025-03-12 20:49:11,017 - INFO - [main.py:127] - Download progress: [0;94m 31.1%[0m
2025-03-12 20:49:11,038 - INFO - [main.py:127] - Download progress: [0;94m 31.1%[0m
2025-03-12 20:49:11,080 - INFO - [main.py:127] - Download progress: [0;94m 31.2%[0m
2025-03-12 20:49:11,175 - INFO - [main.py:127] - Download progress: [0;94m 31.3%[0m
2025-03-12 20:49:11,359 - INFO - [main.py:127] - Download progress: [0;94m 31.6%[0m
2025-03-12 20:49:11,722 - INFO - [main.py:127] - Download progress: [0;94m 32.2%[0m
2025-03-12 20:49:12,519 - INFO - [main.py:127] - Download progress: [0;94m 33.3%[0m
2025-03-12 20:49:12,814 - INFO - [main.py:127] - Download progress: [0;94m 33.8%[0m
2025-03-12 20:49:13,058 - INFO - [main.py:127] - Download progress: [0;94m 33.8%[0m
2025-03-12 20:49:13,073 - INFO - [main.py:127] - Download progress: [0;94m 33.8%[0m
2025-03-12 20:49:13,074 - INFO - [main.py:127] - Download progress: [0;94m 33.8%[0m
2025-03-12 20:49:13,074 - INFO - [main.py:127] - Download progress: [0;94m 33.8%[0m
2025-03-12 20:49:13,077 - INFO - [main.py:127] - Download progress: [0;94m 33.8%[0m
2025-03-12 20:49:13,081 - INFO - [main.py:127] - Download progress: [0;94m 33.8%[0m
2025-03-12 20:49:13,083 - INFO - [main.py:127] - Download progress: [0;94m 33.9%[0m
2025-03-12 20:49:13,101 - INFO - [main.py:127] - Download progress: [0;94m 33.9%[0m
2025-03-12 20:49:13,140 - INFO - [main.py:127] - Download progress: [0;94m 34.0%[0m
2025-03-12 20:49:13,216 - INFO - [main.py:127] - Download progress: [0;94m 34.1%[0m
2025-03-12 20:49:13,369 - INFO - [main.py:127] - Download progress: [0;94m 34.4%[0m
2025-03-12 20:49:13,806 - INFO - [main.py:127] - Download progress: [0;94m 35.0%[0m
2025-03-12 20:49:14,436 - INFO - [main.py:127] - Download progress: [0;94m 36.1%[0m
2025-03-12 20:49:14,730 - INFO - [main.py:127] - Download progress: [0;94m 36.7%[0m
2025-03-12 20:49:14,972 - INFO - [main.py:127] - Download progress: [0;94m 36.7%[0m
2025-03-12 20:49:14,973 - INFO - [main.py:127] - Download progress: [0;94m 36.7%[0m
2025-03-12 20:49:14,973 - INFO - [main.py:127] - Download progress: [0;94m 36.7%[0m
2025-03-12 20:49:14,977 - INFO - [main.py:127] - Download progress: [0;94m 36.7%[0m
2025-03-12 20:49:14,994 - INFO - [main.py:127] - Download progress: [0;94m 36.7%[0m
2025-03-12 20:49:15,000 - INFO - [main.py:127] - Download progress: [0;94m 36.7%[0m
2025-03-12 20:49:15,005 - INFO - [main.py:127] - Download progress: [0;94m 36.7%[0m
2025-03-12 20:49:15,007 - INFO - [main.py:127] - Download progress: [0;94m 36.8%[0m
2025-03-12 20:49:15,034 - INFO - [main.py:127] - Download progress: [0;94m 36.8%[0m
2025-03-12 20:49:15,109 - INFO - [main.py:127] - Download progress: [0;94m 37.0%[0m
2025-03-12 20:49:15,269 - INFO - [main.py:127] - Download progress: [0;94m 37.3%[0m
2025-03-12 20:49:15,684 - INFO - [main.py:127] - Download progress: [0;94m 37.9%[0m
2025-03-12 20:49:16,397 - INFO - [main.py:127] - Download progress: [0;94m 39.0%[0m
2025-03-12 20:49:16,635 - INFO - [main.py:127] - Download progress: [0;94m 39.5%[0m
2025-03-12 20:49:16,889 - INFO - [main.py:127] - Download progress: [0;94m 39.5%[0m
2025-03-12 20:49:16,890 - INFO - [main.py:127] - Download progress: [0;94m 39.5%[0m
2025-03-12 20:49:16,891 - INFO - [main.py:127] - Download progress: [0;94m 39.5%[0m
2025-03-12 20:49:16,893 - INFO - [main.py:127] - Download progress: [0;94m 39.5%[0m
2025-03-12 20:49:16,894 - INFO - [main.py:127] - Download progress: [0;94m 39.5%[0m
2025-03-12 20:49:16,898 - INFO - [main.py:127] - Download progress: [0;94m 39.5%[0m
2025-03-12 20:49:16,908 - INFO - [main.py:127] - Download progress: [0;94m 39.5%[0m
2025-03-12 20:49:16,930 - INFO - [main.py:127] - Download progress: [0;94m 39.6%[0m
2025-03-12 20:49:16,970 - INFO - [main.py:127] - Download progress: [0;94m 39.6%[0m
2025-03-12 20:49:17,041 - INFO - [main.py:127] - Download progress: [0;94m 39.8%[0m
2025-03-12 20:49:17,454 - INFO - [main.py:127] - Download progress: [0;94m 40.1%[0m
2025-03-12 20:49:17,879 - INFO - [main.py:127] - Download progress: [0;94m 40.7%[0m
2025-03-12 20:49:18,529 - INFO - [main.py:127] - Download progress: [0;94m 41.8%[0m
2025-03-12 20:49:18,832 - INFO - [main.py:127] - Download progress: [0;94m 42.3%[0m
2025-03-12 20:49:18,881 - INFO - [main.py:127] - Download progress: [0;94m 42.3%[0m
2025-03-12 20:49:18,882 - INFO - [main.py:127] - Download progress: [0;94m 42.3%[0m
2025-03-12 20:49:18,884 - INFO - [main.py:127] - Download progress: [0;94m 42.3%[0m
2025-03-12 20:49:18,885 - INFO - [main.py:127] - Download progress: [0;94m 42.3%[0m
2025-03-12 20:49:18,887 - INFO - [main.py:127] - Download progress: [0;94m 42.3%[0m
2025-03-12 20:49:18,888 - INFO - [main.py:127] - Download progress: [0;94m 42.3%[0m
2025-03-12 20:49:18,899 - INFO - [main.py:127] - Download progress: [0;94m 42.4%[0m
2025-03-12 20:49:18,917 - INFO - [main.py:127] - Download progress: [0;94m 42.4%[0m
2025-03-12 20:49:18,956 - INFO - [main.py:127] - Download progress: [0;94m 42.5%[0m
2025-03-12 20:49:19,034 - INFO - [main.py:127] - Download progress: [0;94m 42.6%[0m
2025-03-12 20:49:19,190 - INFO - [main.py:127] - Download progress: [0;94m 42.9%[0m
2025-03-12 20:49:19,507 - INFO - [main.py:127] - Download progress: [0;94m 43.5%[0m
2025-03-12 20:49:20,148 - INFO - [main.py:127] - Download progress: [0;94m 44.6%[0m
2025-03-12 20:49:20,399 - INFO - [main.py:127] - Download progress: [0;94m 45.1%[0m
2025-03-12 20:49:20,448 - INFO - [main.py:127] - Download progress: [0;94m 45.1%[0m
2025-03-12 20:49:20,448 - INFO - [main.py:127] - Download progress: [0;94m 45.1%[0m
2025-03-12 20:49:20,449 - INFO - [main.py:127] - Download progress: [0;94m 45.1%[0m
2025-03-12 20:49:20,450 - INFO - [main.py:127] - Download progress: [0;94m 45.1%[0m
2025-03-12 20:49:20,451 - INFO - [main.py:127] - Download progress: [0;94m 45.1%[0m
2025-03-12 20:49:20,460 - INFO - [main.py:127] - Download progress: [0;94m 45.1%[0m
2025-03-12 20:49:20,470 - INFO - [main.py:127] - Download progress: [0;94m 45.2%[0m
2025-03-12 20:49:20,489 - INFO - [main.py:127] - Download progress: [0;94m 45.2%[0m
2025-03-12 20:49:20,731 - INFO - [main.py:127] - Download progress: [0;94m 45.3%[0m
2025-03-12 20:49:20,814 - INFO - [main.py:127] - Download progress: [0;94m 45.4%[0m
2025-03-12 20:49:20,965 - INFO - [main.py:127] - Download progress: [0;94m 45.7%[0m
2025-03-12 20:49:21,280 - INFO - [main.py:127] - Download progress: [0;94m 46.3%[0m
2025-03-12 20:49:21,909 - INFO - [main.py:127] - Download progress: [0;94m 47.5%[0m
2025-03-12 20:49:22,200 - INFO - [main.py:127] - Download progress: [0;94m 48.0%[0m
2025-03-12 20:49:22,430 - INFO - [main.py:127] - Download progress: [0;94m 48.0%[0m
2025-03-12 20:49:22,431 - INFO - [main.py:127] - Download progress: [0;94m 48.0%[0m
2025-03-12 20:49:22,433 - INFO - [main.py:127] - Download progress: [0;94m 48.0%[0m
2025-03-12 20:49:22,451 - INFO - [main.py:127] - Download progress: [0;94m 48.0%[0m
2025-03-12 20:49:22,452 - INFO - [main.py:127] - Download progress: [0;94m 48.0%[0m
2025-03-12 20:49:22,453 - INFO - [main.py:127] - Download progress: [0;94m 48.0%[0m
2025-03-12 20:49:22,454 - INFO - [main.py:127] - Download progress: [0;94m 48.0%[0m
2025-03-12 20:49:22,475 - INFO - [main.py:127] - Download progress: [0;94m 48.0%[0m
2025-03-12 20:49:22,508 - INFO - [main.py:127] - Download progress: [0;94m 48.1%[0m
2025-03-12 20:49:22,585 - INFO - [main.py:127] - Download progress: [0;94m 48.2%[0m
2025-03-12 20:49:22,784 - INFO - [main.py:127] - Download progress: [0;94m 48.5%[0m
2025-03-12 20:49:23,105 - INFO - [main.py:127] - Download progress: [0;94m 49.1%[0m
2025-03-12 20:49:23,797 - INFO - [main.py:127] - Download progress: [0;94m 50.3%[0m
2025-03-12 20:49:24,213 - INFO - [main.py:127] - Download progress: [0;94m 50.7%[0m
2025-03-12 20:49:24,481 - INFO - [main.py:127] - Download progress: [0;94m 50.7%[0m
2025-03-12 20:49:24,484 - INFO - [main.py:127] - Download progress: [0;94m 50.7%[0m
2025-03-12 20:49:24,485 - INFO - [main.py:127] - Download progress: [0;94m 50.7%[0m
2025-03-12 20:49:24,486 - INFO - [main.py:127] - Download progress: [0;94m 50.7%[0m
2025-03-12 20:49:24,489 - INFO - [main.py:127] - Download progress: [0;94m 50.7%[0m
2025-03-12 20:49:24,492 - INFO - [main.py:127] - Download progress: [0;94m 50.7%[0m
2025-03-12 20:49:24,504 - INFO - [main.py:127] - Download progress: [0;94m 50.8%[0m
2025-03-12 20:49:24,526 - INFO - [main.py:127] - Download progress: [0;94m 50.8%[0m
2025-03-12 20:49:24,566 - INFO - [main.py:127] - Download progress: [0;94m 50.9%[0m
2025-03-12 20:49:24,647 - INFO - [main.py:127] - Download progress: [0;94m 51.0%[0m
2025-03-12 20:49:24,816 - INFO - [main.py:127] - Download progress: [0;94m 51.3%[0m
2025-03-12 20:49:25,137 - INFO - [main.py:127] - Download progress: [0;94m 51.9%[0m
2025-03-12 20:49:25,788 - INFO - [main.py:127] - Download progress: [0;94m 53.1%[0m
2025-03-12 20:49:26,067 - INFO - [main.py:127] - Download progress: [0;94m 53.5%[0m
2025-03-12 20:49:26,157 - INFO - [main.py:127] - Download progress: [0;94m 53.5%[0m
2025-03-12 20:49:26,158 - INFO - [main.py:127] - Download progress: [0;94m 53.5%[0m
2025-03-12 20:49:26,161 - INFO - [main.py:127] - Download progress: [0;94m 53.5%[0m
2025-03-12 20:49:26,162 - INFO - [main.py:127] - Download progress: [0;94m 53.5%[0m
2025-03-12 20:49:26,162 - INFO - [main.py:127] - Download progress: [0;94m 53.5%[0m
2025-03-12 20:49:26,163 - INFO - [main.py:127] - Download progress: [0;94m 53.6%[0m
2025-03-12 20:49:26,169 - INFO - [main.py:127] - Download progress: [0;94m 53.6%[0m
2025-03-12 20:49:26,192 - INFO - [main.py:127] - Download progress: [0;94m 53.6%[0m
2025-03-12 20:49:26,231 - INFO - [main.py:127] - Download progress: [0;94m 53.7%[0m
2025-03-12 20:49:26,328 - INFO - [main.py:127] - Download progress: [0;94m 53.8%[0m
2025-03-12 20:49:26,503 - INFO - [main.py:127] - Download progress: [0;94m 54.1%[0m
2025-03-12 20:49:26,845 - INFO - [main.py:127] - Download progress: [0;94m 54.7%[0m
2025-03-12 20:49:27,553 - INFO - [main.py:127] - Download progress: [0;94m 55.9%[0m
2025-03-12 20:49:27,793 - INFO - [main.py:127] - Download progress: [0;94m 56.3%[0m
2025-03-12 20:49:28,010 - INFO - [main.py:127] - Download progress: [0;94m 56.3%[0m
2025-03-12 20:49:28,014 - INFO - [main.py:127] - Download progress: [0;94m 56.3%[0m
2025-03-12 20:49:28,017 - INFO - [main.py:127] - Download progress: [0;94m 56.3%[0m
2025-03-12 20:49:28,019 - INFO - [main.py:127] - Download progress: [0;94m 56.3%[0m
2025-03-12 20:49:28,020 - INFO - [main.py:127] - Download progress: [0;94m 56.3%[0m
2025-03-12 20:49:28,020 - INFO - [main.py:127] - Download progress: [0;94m 56.3%[0m
2025-03-12 20:49:28,021 - INFO - [main.py:127] - Download progress: [0;94m 56.3%[0m
2025-03-12 20:49:28,033 - INFO - [main.py:127] - Download progress: [0;94m 56.4%[0m
2025-03-12 20:49:28,069 - INFO - [main.py:127] - Download progress: [0;94m 56.5%[0m
2025-03-12 20:49:28,149 - INFO - [main.py:127] - Download progress: [0;94m 56.6%[0m
2025-03-12 20:49:28,334 - INFO - [main.py:127] - Download progress: [0;94m 56.9%[0m
2025-03-12 20:49:28,655 - INFO - [main.py:127] - Download progress: [0;94m 57.5%[0m
2025-03-12 20:49:29,294 - INFO - [main.py:127] - Download progress: [0;94m 58.6%[0m
2025-03-12 20:49:29,576 - INFO - [main.py:127] - Download progress: [0;94m 59.2%[0m
2025-03-12 20:49:29,870 - INFO - [main.py:127] - Download progress: [0;94m 59.2%[0m
2025-03-12 20:49:29,873 - INFO - [main.py:127] - Download progress: [0;94m 59.2%[0m
2025-03-12 20:49:29,874 - INFO - [main.py:127] - Download progress: [0;94m 59.2%[0m
2025-03-12 20:49:29,875 - INFO - [main.py:127] - Download progress: [0;94m 59.2%[0m
2025-03-12 20:49:29,876 - INFO - [main.py:127] - Download progress: [0;94m 59.2%[0m
2025-03-12 20:49:29,879 - INFO - [main.py:127] - Download progress: [0;94m 59.2%[0m
2025-03-12 20:49:29,891 - INFO - [main.py:127] - Download progress: [0;94m 59.2%[0m
2025-03-12 20:49:29,909 - INFO - [main.py:127] - Download progress: [0;94m 59.2%[0m
2025-03-12 20:49:29,951 - INFO - [main.py:127] - Download progress: [0;94m 59.3%[0m
2025-03-12 20:49:30,034 - INFO - [main.py:127] - Download progress: [0;94m 59.4%[0m
2025-03-12 20:49:30,188 - INFO - [main.py:127] - Download progress: [0;94m 59.7%[0m
2025-03-12 20:49:30,515 - INFO - [main.py:127] - Download progress: [0;94m 60.3%[0m
2025-03-12 20:49:31,179 - INFO - [main.py:127] - Download progress: [0;94m 61.5%[0m
2025-03-12 20:49:31,631 - INFO - [main.py:127] - Download progress: [0;94m 62.0%[0m
2025-03-12 20:49:31,749 - INFO - [main.py:127] - Download progress: [0;94m 62.0%[0m
2025-03-12 20:49:31,753 - INFO - [main.py:127] - Download progress: [0;94m 62.0%[0m
2025-03-12 20:49:31,756 - INFO - [main.py:127] - Download progress: [0;94m 62.0%[0m
2025-03-12 20:49:31,758 - INFO - [main.py:127] - Download progress: [0;94m 62.0%[0m
2025-03-12 20:49:31,758 - INFO - [main.py:127] - Download progress: [0;94m 62.0%[0m
2025-03-12 20:49:31,759 - INFO - [main.py:127] - Download progress: [0;94m 62.0%[0m
2025-03-12 20:49:31,768 - INFO - [main.py:127] - Download progress: [0;94m 62.0%[0m
2025-03-12 20:49:32,282 - INFO - [main.py:127] - Download progress: [0;94m 62.0%[0m
2025-03-12 20:49:32,329 - INFO - [main.py:127] - Download progress: [0;94m 62.1%[0m
2025-03-12 20:49:32,434 - INFO - [main.py:127] - Download progress: [0;94m 62.3%[0m
2025-03-12 20:49:32,588 - INFO - [main.py:127] - Download progress: [0;94m 62.5%[0m
2025-03-12 20:49:32,907 - INFO - [main.py:127] - Download progress: [0;94m 63.1%[0m
2025-03-12 20:49:33,562 - INFO - [main.py:127] - Download progress: [0;94m 64.2%[0m
2025-03-12 20:49:33,887 - INFO - [main.py:127] - Download progress: [0;94m 64.8%[0m
2025-03-12 20:49:34,148 - INFO - [main.py:127] - Download progress: [0;94m 64.8%[0m
2025-03-12 20:49:34,152 - INFO - [main.py:127] - Download progress: [0;94m 64.8%[0m
2025-03-12 20:49:34,153 - INFO - [main.py:127] - Download progress: [0;94m 64.8%[0m
2025-03-12 20:49:34,154 - INFO - [main.py:127] - Download progress: [0;94m 64.8%[0m
2025-03-12 20:49:34,155 - INFO - [main.py:127] - Download progress: [0;94m 64.8%[0m
2025-03-12 20:49:34,156 - INFO - [main.py:127] - Download progress: [0;94m 64.9%[0m
2025-03-12 20:49:34,158 - INFO - [main.py:127] - Download progress: [0;94m 64.9%[0m
2025-03-12 20:49:34,179 - INFO - [main.py:127] - Download progress: [0;94m 64.9%[0m
2025-03-12 20:49:34,219 - INFO - [main.py:127] - Download progress: [0;94m 65.0%[0m
2025-03-12 20:49:34,297 - INFO - [main.py:127] - Download progress: [0;94m 65.1%[0m
2025-03-12 20:49:34,452 - INFO - [main.py:127] - Download progress: [0;94m 65.4%[0m
2025-03-12 20:49:34,790 - INFO - [main.py:127] - Download progress: [0;94m 66.0%[0m
2025-03-12 20:49:35,421 - INFO - [main.py:127] - Download progress: [0;94m 67.2%[0m
2025-03-12 20:49:35,725 - INFO - [main.py:127] - Download progress: [0;94m 67.7%[0m
2025-03-12 20:49:35,881 - INFO - [main.py:127] - Download progress: [0;94m 67.7%[0m
2025-03-12 20:49:35,882 - INFO - [main.py:127] - Download progress: [0;94m 67.7%[0m
2025-03-12 20:49:35,894 - INFO - [main.py:127] - Download progress: [0;94m 67.7%[0m
2025-03-12 20:49:35,896 - INFO - [main.py:127] - Download progress: [0;94m 67.7%[0m
2025-03-12 20:49:35,899 - INFO - [main.py:127] - Download progress: [0;94m 67.7%[0m
2025-03-12 20:49:35,901 - INFO - [main.py:127] - Download progress: [0;94m 67.8%[0m
2025-03-12 20:49:35,903 - INFO - [main.py:127] - Download progress: [0;94m 67.8%[0m
2025-03-12 20:49:35,914 - INFO - [main.py:127] - Download progress: [0;94m 67.8%[0m
2025-03-12 20:49:36,121 - INFO - [main.py:127] - Download progress: [0;94m 67.9%[0m
2025-03-12 20:49:36,212 - INFO - [main.py:127] - Download progress: [0;94m 68.0%[0m
2025-03-12 20:49:36,377 - INFO - [main.py:127] - Download progress: [0;94m 68.3%[0m
2025-03-12 20:49:36,749 - INFO - [main.py:127] - Download progress: [0;94m 68.9%[0m
2025-03-12 20:49:38,534 - INFO - [main.py:127] - Download progress: [0;94m 70.1%[0m
2025-03-12 20:49:38,842 - INFO - [main.py:127] - Download progress: [0;94m 70.6%[0m
2025-03-12 20:49:38,962 - INFO - [main.py:127] - Download progress: [0;94m 70.6%[0m
2025-03-12 20:49:38,963 - INFO - [main.py:127] - Download progress: [0;94m 70.6%[0m
2025-03-12 20:49:38,964 - INFO - [main.py:127] - Download progress: [0;94m 70.6%[0m
2025-03-12 20:49:38,965 - INFO - [main.py:127] - Download progress: [0;94m 70.6%[0m
2025-03-12 20:49:38,967 - INFO - [main.py:127] - Download progress: [0;94m 70.6%[0m
2025-03-12 20:49:38,971 - INFO - [main.py:127] - Download progress: [0;94m 70.6%[0m
2025-03-12 20:49:38,982 - INFO - [main.py:127] - Download progress: [0;94m 70.7%[0m
2025-03-12 20:49:39,002 - INFO - [main.py:127] - Download progress: [0;94m 70.7%[0m
2025-03-12 20:49:39,058 - INFO - [main.py:127] - Download progress: [0;94m 70.8%[0m
2025-03-12 20:49:39,137 - INFO - [main.py:127] - Download progress: [0;94m 70.9%[0m
2025-03-12 20:49:39,300 - INFO - [main.py:127] - Download progress: [0;94m 71.2%[0m
2025-03-12 20:49:39,604 - INFO - [main.py:127] - Download progress: [0;94m 71.8%[0m
2025-03-12 20:49:40,333 - INFO - [main.py:127] - Download progress: [0;94m 72.9%[0m
2025-03-12 20:49:40,650 - INFO - [main.py:127] - Download progress: [0;94m 73.5%[0m
2025-03-12 20:49:41,043 - INFO - [main.py:127] - Download progress: [0;94m 73.5%[0m
2025-03-12 20:49:41,045 - INFO - [main.py:127] - Download progress: [0;94m 73.5%[0m
2025-03-12 20:49:41,047 - INFO - [main.py:127] - Download progress: [0;94m 73.5%[0m
2025-03-12 20:49:41,049 - INFO - [main.py:127] - Download progress: [0;94m 73.5%[0m
2025-03-12 20:49:41,051 - INFO - [main.py:127] - Download progress: [0;94m 73.5%[0m
2025-03-12 20:49:41,053 - INFO - [main.py:127] - Download progress: [0;94m 73.5%[0m
2025-03-12 20:49:41,059 - INFO - [main.py:127] - Download progress: [0;94m 73.5%[0m
2025-03-12 20:49:41,078 - INFO - [main.py:127] - Download progress: [0;94m 73.5%[0m
2025-03-12 20:49:41,115 - INFO - [main.py:127] - Download progress: [0;94m 73.6%[0m
2025-03-12 20:49:41,292 - INFO - [main.py:127] - Download progress: [0;94m 73.8%[0m
2025-03-12 20:49:41,374 - INFO - [main.py:127] - Download progress: [0;94m 74.0%[0m
2025-03-12 20:49:41,764 - INFO - [main.py:127] - Download progress: [0;94m 74.6%[0m
2025-03-12 20:49:42,624 - INFO - [main.py:127] - Download progress: [0;94m 75.8%[0m
2025-03-12 20:49:42,890 - INFO - [main.py:127] - Download progress: [0;94m 76.3%[0m
2025-03-12 20:49:43,175 - INFO - [main.py:127] - Download progress: [0;94m 76.3%[0m
2025-03-12 20:49:43,176 - INFO - [main.py:127] - Download progress: [0;94m 76.3%[0m
2025-03-12 20:49:43,176 - INFO - [main.py:127] - Download progress: [0;94m 76.3%[0m
2025-03-12 20:49:43,178 - INFO - [main.py:127] - Download progress: [0;94m 76.3%[0m
2025-03-12 20:49:43,179 - INFO - [main.py:127] - Download progress: [0;94m 76.3%[0m
2025-03-12 20:49:43,181 - INFO - [main.py:127] - Download progress: [0;94m 76.3%[0m
2025-03-12 20:49:43,192 - INFO - [main.py:127] - Download progress: [0;94m 76.3%[0m
2025-03-12 20:49:43,210 - INFO - [main.py:127] - Download progress: [0;94m 76.3%[0m
2025-03-12 20:49:43,249 - INFO - [main.py:127] - Download progress: [0;94m 76.4%[0m
2025-03-12 20:49:43,369 - INFO - [main.py:127] - Download progress: [0;94m 76.5%[0m
2025-03-12 20:49:43,520 - INFO - [main.py:127] - Download progress: [0;94m 76.8%[0m
2025-03-12 20:49:43,832 - INFO - [main.py:127] - Download progress: [0;94m 77.4%[0m
2025-03-12 20:49:44,602 - INFO - [main.py:127] - Download progress: [0;94m 78.6%[0m
2025-03-12 20:49:44,881 - INFO - [main.py:127] - Download progress: [0;94m 79.1%[0m
2025-03-12 20:49:45,036 - INFO - [main.py:127] - Download progress: [0;94m 79.1%[0m
2025-03-12 20:49:45,037 - INFO - [main.py:127] - Download progress: [0;94m 79.1%[0m
2025-03-12 20:49:45,038 - INFO - [main.py:127] - Download progress: [0;94m 79.1%[0m
2025-03-12 20:49:45,039 - INFO - [main.py:127] - Download progress: [0;94m 79.1%[0m
2025-03-12 20:49:45,042 - INFO - [main.py:127] - Download progress: [0;94m 79.1%[0m
2025-03-12 20:49:45,044 - INFO - [main.py:127] - Download progress: [0;94m 79.1%[0m
2025-03-12 20:49:45,055 - INFO - [main.py:127] - Download progress: [0;94m 79.1%[0m
2025-03-12 20:49:45,077 - INFO - [main.py:127] - Download progress: [0;94m 79.2%[0m
2025-03-12 20:49:45,115 - INFO - [main.py:127] - Download progress: [0;94m 79.3%[0m
2025-03-12 20:49:45,191 - INFO - [main.py:127] - Download progress: [0;94m 79.4%[0m
2025-03-12 20:49:45,346 - INFO - [main.py:127] - Download progress: [0;94m 79.7%[0m
2025-03-12 20:49:45,675 - INFO - [main.py:127] - Download progress: [0;94m 80.3%[0m
2025-03-12 20:49:46,474 - INFO - [main.py:127] - Download progress: [0;94m 81.4%[0m
2025-03-12 20:49:46,765 - INFO - [main.py:127] - Download progress: [0;94m 81.9%[0m
2025-03-12 20:49:46,847 - INFO - [main.py:127] - Download progress: [0;94m 81.9%[0m
2025-03-12 20:49:46,848 - INFO - [main.py:127] - Download progress: [0;94m 81.9%[0m
2025-03-12 20:49:46,848 - INFO - [main.py:127] - Download progress: [0;94m 81.9%[0m
2025-03-12 20:49:46,851 - INFO - [main.py:127] - Download progress: [0;94m 81.9%[0m
2025-03-12 20:49:46,855 - INFO - [main.py:127] - Download progress: [0;94m 81.9%[0m
2025-03-12 20:49:46,857 - INFO - [main.py:127] - Download progress: [0;94m 82.0%[0m
2025-03-12 20:49:46,867 - INFO - [main.py:127] - Download progress: [0;94m 82.0%[0m
2025-03-12 20:49:46,886 - INFO - [main.py:127] - Download progress: [0;94m 82.0%[0m
2025-03-12 20:49:46,923 - INFO - [main.py:127] - Download progress: [0;94m 82.1%[0m
2025-03-12 20:49:47,004 - INFO - [main.py:127] - Download progress: [0;94m 82.2%[0m
2025-03-12 20:49:47,159 - INFO - [main.py:127] - Download progress: [0;94m 82.5%[0m
2025-03-12 20:49:47,655 - INFO - [main.py:127] - Download progress: [0;94m 83.1%[0m
2025-03-12 20:49:48,308 - INFO - [main.py:127] - Download progress: [0;94m 84.3%[0m
2025-03-12 20:49:48,553 - INFO - [main.py:127] - Download progress: [0;94m 84.7%[0m
2025-03-12 20:49:48,611 - INFO - [main.py:127] - Download progress: [0;94m 84.7%[0m
2025-03-12 20:49:48,613 - INFO - [main.py:127] - Download progress: [0;94m 84.7%[0m
2025-03-12 20:49:48,614 - INFO - [main.py:127] - Download progress: [0;94m 84.7%[0m
2025-03-12 20:49:48,614 - INFO - [main.py:127] - Download progress: [0;94m 84.7%[0m
2025-03-12 20:49:48,615 - INFO - [main.py:127] - Download progress: [0;94m 84.7%[0m
2025-03-12 20:49:48,618 - INFO - [main.py:127] - Download progress: [0;94m 84.8%[0m
2025-03-12 20:49:48,628 - INFO - [main.py:127] - Download progress: [0;94m 84.8%[0m
2025-03-12 20:49:48,647 - INFO - [main.py:127] - Download progress: [0;94m 84.8%[0m
2025-03-12 20:49:48,688 - INFO - [main.py:127] - Download progress: [0;94m 84.9%[0m
2025-03-12 20:49:48,763 - INFO - [main.py:127] - Download progress: [0;94m 85.0%[0m
2025-03-12 20:49:48,922 - INFO - [main.py:127] - Download progress: [0;94m 85.3%[0m
2025-03-12 20:49:49,256 - INFO - [main.py:127] - Download progress: [0;94m 85.9%[0m
2025-03-12 20:49:49,872 - INFO - [main.py:127] - Download progress: [0;94m 87.1%[0m
2025-03-12 20:49:50,098 - INFO - [main.py:127] - Download progress: [0;94m 87.5%[0m
2025-03-12 20:49:50,144 - INFO - [main.py:127] - Download progress: [0;94m 87.5%[0m
2025-03-12 20:49:50,146 - INFO - [main.py:127] - Download progress: [0;94m 87.5%[0m
2025-03-12 20:49:50,147 - INFO - [main.py:127] - Download progress: [0;94m 87.5%[0m
2025-03-12 20:49:50,148 - INFO - [main.py:127] - Download progress: [0;94m 87.5%[0m
2025-03-12 20:49:50,149 - INFO - [main.py:127] - Download progress: [0;94m 87.5%[0m
2025-03-12 20:49:50,153 - INFO - [main.py:127] - Download progress: [0;94m 87.5%[0m
2025-03-12 20:49:50,163 - INFO - [main.py:127] - Download progress: [0;94m 87.5%[0m
2025-03-12 20:49:50,201 - INFO - [main.py:127] - Download progress: [0;94m 87.6%[0m
2025-03-12 20:49:50,233 - INFO - [main.py:127] - Download progress: [0;94m 87.6%[0m
2025-03-12 20:49:50,330 - INFO - [main.py:127] - Download progress: [0;94m 87.8%[0m
2025-03-12 20:49:50,464 - INFO - [main.py:127] - Download progress: [0;94m 88.1%[0m
2025-03-12 20:49:50,773 - INFO - [main.py:127] - Download progress: [0;94m 88.7%[0m
2025-03-12 20:49:51,422 - INFO - [main.py:127] - Download progress: [0;94m 89.8%[0m
2025-03-12 20:49:51,710 - INFO - [main.py:127] - Download progress: [0;94m 90.4%[0m
2025-03-12 20:49:51,961 - INFO - [main.py:127] - Download progress: [0;94m 90.4%[0m
2025-03-12 20:49:51,962 - INFO - [main.py:127] - Download progress: [0;94m 90.4%[0m
2025-03-12 20:49:51,962 - INFO - [main.py:127] - Download progress: [0;94m 90.4%[0m
2025-03-12 20:49:51,963 - INFO - [main.py:127] - Download progress: [0;94m 90.4%[0m
2025-03-12 20:49:51,971 - INFO - [main.py:127] - Download progress: [0;94m 90.4%[0m
2025-03-12 20:49:51,974 - INFO - [main.py:127] - Download progress: [0;94m 90.4%[0m
2025-03-12 20:49:51,985 - INFO - [main.py:127] - Download progress: [0;94m 90.4%[0m
2025-03-12 20:49:52,005 - INFO - [main.py:127] - Download progress: [0;94m 90.4%[0m
2025-03-12 20:49:52,060 - INFO - [main.py:127] - Download progress: [0;94m 90.5%[0m
2025-03-12 20:49:52,139 - INFO - [main.py:127] - Download progress: [0;94m 90.7%[0m
2025-03-12 20:49:52,321 - INFO - [main.py:127] - Download progress: [0;94m 90.9%[0m
2025-03-12 20:49:52,634 - INFO - [main.py:127] - Download progress: [0;94m 91.5%[0m
2025-03-12 20:49:53,456 - INFO - [main.py:127] - Download progress: [0;94m 92.7%[0m
2025-03-12 20:49:53,686 - INFO - [main.py:127] - Download progress: [0;94m 93.1%[0m
2025-03-12 20:49:53,969 - INFO - [main.py:127] - Download progress: [0;94m 93.1%[0m
2025-03-12 20:49:54,011 - INFO - [main.py:127] - Download progress: [0;94m 93.1%[0m
2025-03-12 20:49:54,011 - INFO - [main.py:127] - Download progress: [0;94m 93.1%[0m
2025-03-12 20:49:54,015 - INFO - [main.py:127] - Download progress: [0;94m 93.1%[0m
2025-03-12 20:49:54,018 - INFO - [main.py:127] - Download progress: [0;94m 93.1%[0m
2025-03-12 20:49:54,029 - INFO - [main.py:127] - Download progress: [0;94m 93.1%[0m
2025-03-12 20:49:54,031 - INFO - [main.py:127] - Download progress: [0;94m 93.2%[0m
2025-03-12 20:49:54,033 - INFO - [main.py:127] - Download progress: [0;94m 93.2%[0m
2025-03-12 20:49:54,043 - INFO - [main.py:127] - Download progress: [0;94m 93.3%[0m
2025-03-12 20:49:54,118 - INFO - [main.py:127] - Download progress: [0;94m 93.4%[0m
2025-03-12 20:49:54,273 - INFO - [main.py:127] - Download progress: [0;94m 93.7%[0m
2025-03-12 20:49:54,617 - INFO - [main.py:127] - Download progress: [0;94m 94.3%[0m
2025-03-12 20:49:55,240 - INFO - [main.py:127] - Download progress: [0;94m 95.4%[0m
2025-03-12 20:49:55,497 - INFO - [main.py:127] - Download progress: [0;94m 95.9%[0m
2025-03-12 20:49:55,739 - INFO - [main.py:127] - Download progress: [0;94m 95.9%[0m
2025-03-12 20:49:55,739 - INFO - [main.py:127] - Download progress: [0;94m 95.9%[0m
2025-03-12 20:49:55,740 - INFO - [main.py:127] - Download progress: [0;94m 95.9%[0m
2025-03-12 20:49:55,740 - INFO - [main.py:127] - Download progress: [0;94m 95.9%[0m
2025-03-12 20:49:55,741 - INFO - [main.py:127] - Download progress: [0;94m 95.9%[0m
2025-03-12 20:49:55,741 - INFO - [main.py:127] - Download progress: [0;94m 95.9%[0m
2025-03-12 20:49:55,747 - INFO - [main.py:127] - Download progress: [0;94m 96.0%[0m
2025-03-12 20:49:55,767 - INFO - [main.py:127] - Download progress: [0;94m 96.0%[0m
2025-03-12 20:49:55,806 - INFO - [main.py:127] - Download progress: [0;94m 96.1%[0m
2025-03-12 20:49:55,881 - INFO - [main.py:127] - Download progress: [0;94m 96.2%[0m
2025-03-12 20:49:56,035 - INFO - [main.py:127] - Download progress: [0;94m 96.5%[0m
2025-03-12 20:49:56,554 - INFO - [main.py:127] - Download progress: [0;94m 97.1%[0m
2025-03-12 20:49:57,174 - INFO - [main.py:127] - Download progress: [0;94m 98.2%[0m
2025-03-12 20:49:57,456 - INFO - [main.py:127] - Download progress: [0;94m 98.7%[0m
2025-03-12 20:49:57,739 - INFO - [main.py:127] - Download progress: [0;94m 98.7%[0m
2025-03-12 20:49:57,743 - INFO - [main.py:127] - Download progress: [0;94m 98.7%[0m
2025-03-12 20:49:57,746 - INFO - [main.py:127] - Download progress: [0;94m 98.7%[0m
2025-03-12 20:49:57,749 - INFO - [main.py:127] - Download progress: [0;94m 98.7%[0m
2025-03-12 20:49:57,750 - INFO - [main.py:127] - Download progress: [0;94m 98.7%[0m
2025-03-12 20:49:57,753 - INFO - [main.py:127] - Download progress: [0;94m 98.7%[0m
2025-03-12 20:49:57,755 - INFO - [main.py:127] - Download progress: [0;94m 98.8%[0m
2025-03-12 20:49:57,771 - INFO - [main.py:127] - Download progress: [0;94m 98.8%[0m
2025-03-12 20:49:57,811 - INFO - [main.py:127] - Download progress: [0;94m 98.9%[0m
2025-03-12 20:49:57,888 - INFO - [main.py:127] - Download progress: [0;94m 99.0%[0m
2025-03-12 20:49:58,092 - INFO - [main.py:127] - Download progress: [0;94m 99.3%[0m
2025-03-12 20:49:58,454 - INFO - [main.py:127] - Download progress: [0;94m 99.9%[0m
2025-03-12 20:49:58,514 - INFO - [main.py:127] - Download progress: [0;94m100.0%[0m
2025-03-12 20:49:58,980 - INFO - [main.py:127] - Download progress: [0;94m  0.0%[0m
2025-03-12 20:49:58,983 - INFO - [main.py:127] - Download progress: [0;94m  0.0%[0m
2025-03-12 20:49:58,984 - INFO - [main.py:127] - Download progress: [0;94m  0.0%[0m
2025-03-12 20:49:58,986 - INFO - [main.py:127] - Download progress: [0;94m  0.0%[0m
2025-03-12 20:49:58,988 - INFO - [main.py:127] - Download progress: [0;94m  0.1%[0m
2025-03-12 20:49:58,993 - INFO - [main.py:127] - Download progress: [0;94m  0.2%[0m
2025-03-12 20:49:59,007 - INFO - [main.py:127] - Download progress: [0;94m  0.4%[0m
2025-03-12 20:49:59,026 - INFO - [main.py:127] - Download progress: [0;94m  0.7%[0m
2025-03-12 20:49:59,066 - INFO - [main.py:127] - Download progress: [0;94m  1.4%[0m
2025-03-12 20:49:59,243 - INFO - [main.py:127] - Download progress: [0;94m  2.9%[0m
2025-03-12 20:49:59,308 - INFO - [main.py:127] - Download progress: [0;94m  5.8%[0m
2025-03-12 20:49:59,649 - INFO - [main.py:127] - Download progress: [0;94m 11.5%[0m
2025-03-12 20:50:00,255 - INFO - [main.py:127] - Download progress: [0;94m 23.0%[0m
2025-03-12 20:50:00,582 - INFO - [main.py:127] - Download progress: [0;94m 28.7%[0m
2025-03-12 20:50:00,904 - INFO - [main.py:127] - Download progress: [0;94m 28.7%[0m
2025-03-12 20:50:00,906 - INFO - [main.py:127] - Download progress: [0;94m 28.7%[0m
2025-03-12 20:50:00,908 - INFO - [main.py:127] - Download progress: [0;94m 28.7%[0m
2025-03-12 20:50:00,910 - INFO - [main.py:127] - Download progress: [0;94m 28.7%[0m
2025-03-12 20:50:00,911 - INFO - [main.py:127] - Download progress: [0;94m 28.8%[0m
2025-03-12 20:50:00,917 - INFO - [main.py:127] - Download progress: [0;94m 28.9%[0m
2025-03-12 20:50:00,927 - INFO - [main.py:127] - Download progress: [0;94m 29.0%[0m
2025-03-12 20:50:00,945 - INFO - [main.py:127] - Download progress: [0;94m 29.4%[0m
2025-03-12 20:50:00,984 - INFO - [main.py:127] - Download progress: [0;94m 30.1%[0m
2025-03-12 20:50:01,062 - INFO - [main.py:127] - Download progress: [0;94m 31.6%[0m
2025-03-12 20:50:01,214 - INFO - [main.py:127] - Download progress: [0;94m 34.4%[0m
2025-03-12 20:50:01,709 - INFO - [main.py:127] - Download progress: [0;94m 40.2%[0m
2025-03-12 20:50:02,324 - INFO - [main.py:127] - Download progress: [0;94m 51.7%[0m
2025-03-12 20:50:02,602 - INFO - [main.py:127] - Download progress: [0;94m 57.2%[0m
2025-03-12 20:50:02,833 - INFO - [main.py:127] - Download progress: [0;94m 57.2%[0m
2025-03-12 20:50:02,834 - INFO - [main.py:127] - Download progress: [0;94m 57.2%[0m
2025-03-12 20:50:02,834 - INFO - [main.py:127] - Download progress: [0;94m 57.2%[0m
2025-03-12 20:50:02,835 - INFO - [main.py:127] - Download progress: [0;94m 57.2%[0m
2025-03-12 20:50:02,840 - INFO - [main.py:127] - Download progress: [0;94m 57.3%[0m
2025-03-12 20:50:02,851 - INFO - [main.py:127] - Download progress: [0;94m 57.4%[0m
2025-03-12 20:50:02,861 - INFO - [main.py:127] - Download progress: [0;94m 57.5%[0m
2025-03-12 20:50:02,987 - INFO - [main.py:127] - Download progress: [0;94m 57.9%[0m
2025-03-12 20:50:03,031 - INFO - [main.py:127] - Download progress: [0;94m 58.6%[0m
2025-03-12 20:50:03,106 - INFO - [main.py:127] - Download progress: [0;94m 60.0%[0m
2025-03-12 20:50:03,263 - INFO - [main.py:127] - Download progress: [0;94m 62.9%[0m
2025-03-12 20:50:03,575 - INFO - [main.py:127] - Download progress: [0;94m 68.7%[0m
2025-03-12 20:50:04,232 - INFO - [main.py:127] - Download progress: [0;94m 80.2%[0m
2025-03-12 20:50:04,490 - INFO - [main.py:127] - Download progress: [0;94m 85.4%[0m
2025-03-12 20:50:04,780 - INFO - [main.py:127] - Download progress: [0;94m 85.4%[0m
2025-03-12 20:50:04,781 - INFO - [main.py:127] - Download progress: [0;94m 85.4%[0m
2025-03-12 20:50:04,782 - INFO - [main.py:127] - Download progress: [0;94m 85.4%[0m
2025-03-12 20:50:04,785 - INFO - [main.py:127] - Download progress: [0;94m 85.4%[0m
2025-03-12 20:50:04,789 - INFO - [main.py:127] - Download progress: [0;94m 85.5%[0m
2025-03-12 20:50:04,794 - INFO - [main.py:127] - Download progress: [0;94m 85.6%[0m
2025-03-12 20:50:04,799 - INFO - [main.py:127] - Download progress: [0;94m 85.7%[0m
2025-03-12 20:50:04,814 - INFO - [main.py:127] - Download progress: [0;94m 86.1%[0m
2025-03-12 20:50:04,901 - INFO - [main.py:127] - Download progress: [0;94m 86.8%[0m
2025-03-12 20:50:04,982 - INFO - [main.py:127] - Download progress: [0;94m 88.3%[0m
2025-03-12 20:50:05,132 - INFO - [main.py:127] - Download progress: [0;94m 91.1%[0m
2025-03-12 20:50:05,442 - INFO - [main.py:127] - Download progress: [0;94m 96.9%[0m
2025-03-12 20:50:05,601 - INFO - [main.py:127] - Download progress: [0;94m100.0%[0m
2025-03-12 20:50:07,460 - INFO - [main.py:249] - Created backup copy at: d:\Python Projects\YouTube01\Videos\backup_Cursor AI Tutorial - My Personal Tips & Tricks (AI Code Editor)_rwxRoYzwkyM.mp4
2025-03-12 20:50:07,462 - INFO - [main.py:354] - Uploading to Google Drive...
2025-03-12 20:50:07,463 - INFO - [main.py:276] - Starting upload to Google Drive
2025-03-12 20:51:34,998 - INFO - [main.py:291] - Upload progress: 13%
2025-03-12 20:53:18,642 - INFO - [main.py:291] - Upload progress: 26%
2025-03-12 20:54:40,126 - INFO - [main.py:291] - Upload progress: 39%
2025-03-12 20:55:58,837 - INFO - [main.py:291] - Upload progress: 52%
2025-03-12 20:57:14,663 - INFO - [main.py:291] - Upload progress: 65%
2025-03-12 20:58:29,538 - INFO - [main.py:291] - Upload progress: 78%
2025-03-12 21:00:03,072 - INFO - [main.py:291] - Upload progress: 92%
2025-03-12 21:01:02,548 - INFO - [main.py:298] - Successfully uploaded to Google Drive! File ID: 1sPbsvscX7KA_Zne_Ei8zxy3aY-bo3snt
2025-03-12 21:01:04,680 - INFO - [main.py:322] - Video data added successfully to spreadsheet
2025-03-12 21:01:04,680 - INFO - [main.py:362] - Video processing completed successfully
2025-03-12 21:01:04,783 - INFO - [main.py:376] - Cleaned up downloaded file
2025-03-12 21:16:43,190 - INFO - [youtube_manager.py:97] - Successfully authenticated with Google services
2025-03-12 21:17:29,299 - INFO - [youtube_manager.py:134] - Spreadsheet found with ID: 1Zi0Pjsdnd6rOCRuFA-pwKrXlzuGKCaLFebD51fnKDqU
2025-03-12 21:17:30,484 - INFO - [youtube_manager.py:348] - Fetching data for video: https://www.youtube.com/watch?v=zROIu101bLw
2025-03-12 21:17:35,243 - INFO - [youtube_manager.py:355] - Downloading video...
2025-03-12 21:17:53,206 - INFO - [youtube_manager.py:127] - Download progress: [0;94m100.0%[0m
2025-03-12 21:17:53,211 - INFO - [youtube_manager.py:127] - Download progress: [0;94m  5.0%[0m
2025-03-12 21:17:53,322 - INFO - [youtube_manager.py:127] - Download progress: [0;94m 48.8%[0m
2025-03-12 21:17:53,325 - INFO - [youtube_manager.py:127] - Download progress: [0;94m 43.6%[0m
2025-03-12 21:17:53,330 - INFO - [youtube_manager.py:127] - Download progress: [0;94m 41.6%[0m
2025-03-12 21:17:53,332 - INFO - [youtube_manager.py:127] - Download progress: [0;94m 40.8%[0m
2025-03-12 21:17:53,344 - INFO - [youtube_manager.py:127] - Download progress: [0;94m 40.4%[0m
2025-03-12 21:17:53,363 - INFO - [youtube_manager.py:127] - Download progress: [0;94m 40.2%[0m
2025-03-12 21:17:53,404 - INFO - [youtube_manager.py:127] - Download progress: [0;94m 40.1%[0m
2025-03-12 21:17:53,438 - INFO - [youtube_manager.py:127] - Download progress: [0;94m 40.0%[0m
2025-03-12 21:17:53,512 - INFO - [youtube_manager.py:127] - Download progress: [0;94m 40.0%[0m
2025-03-12 21:17:53,674 - INFO - [youtube_manager.py:127] - Download progress: [0;94m 40.0%[0m
2025-03-12 21:17:53,991 - INFO - [youtube_manager.py:127] - Download progress: [0;94m 40.0%[0m
2025-03-12 21:17:54,496 - INFO - [youtube_manager.py:127] - Download progress: [0;94m 40.0%[0m
2025-03-12 21:17:54,964 - INFO - [youtube_manager.py:127] - Download progress: [0;94m 29.5%[0m
2025-03-12 21:17:54,965 - INFO - [youtube_manager.py:127] - Download progress: [0;94m 10.0%[0m
2025-03-12 21:17:55,498 - INFO - [youtube_manager.py:127] - Download progress: [0;94m 30.0%[0m
2025-03-12 21:17:55,500 - INFO - [youtube_manager.py:127] - Download progress: [0;94m 30.0%[0m
2025-03-12 21:17:55,501 - INFO - [youtube_manager.py:127] - Download progress: [0;94m 30.0%[0m
2025-03-12 21:17:55,502 - INFO - [youtube_manager.py:127] - Download progress: [0;94m 30.0%[0m
2025-03-12 21:17:55,504 - INFO - [youtube_manager.py:127] - Download progress: [0;94m 30.1%[0m
2025-03-12 21:17:55,506 - INFO - [youtube_manager.py:127] - Download progress: [0;94m 30.2%[0m
2025-03-12 21:17:55,507 - INFO - [youtube_manager.py:127] - Download progress: [0;94m 30.3%[0m
2025-03-12 21:17:55,530 - INFO - [youtube_manager.py:127] - Download progress: [0;94m 30.6%[0m
2025-03-12 21:17:55,586 - INFO - [youtube_manager.py:127] - Download progress: [0;94m 31.2%[0m
2025-03-12 21:17:55,700 - INFO - [youtube_manager.py:127] - Download progress: [0;94m 32.3%[0m
2025-03-12 21:17:55,942 - INFO - [youtube_manager.py:127] - Download progress: [0;94m 34.3%[0m
2025-03-12 21:17:56,314 - INFO - [youtube_manager.py:127] - Download progress: [0;94m 37.6%[0m
2025-03-12 21:17:56,626 - INFO - [youtube_manager.py:127] - Download progress: [0;94m 36.2%[0m
2025-03-12 21:17:56,628 - INFO - [youtube_manager.py:127] - Download progress: [0;94m 19.9%[0m
2025-03-12 21:17:57,204 - INFO - [youtube_manager.py:127] - Download progress: [0;94m 40.0%[0m
2025-03-12 21:17:57,209 - INFO - [youtube_manager.py:127] - Download progress: [0;94m 40.0%[0m
2025-03-12 21:17:57,211 - INFO - [youtube_manager.py:127] - Download progress: [0;94m 40.0%[0m
2025-03-12 21:17:57,213 - INFO - [youtube_manager.py:127] - Download progress: [0;94m 40.0%[0m
2025-03-12 21:17:57,215 - INFO - [youtube_manager.py:127] - Download progress: [0;94m 40.1%[0m
2025-03-12 21:17:57,220 - INFO - [youtube_manager.py:127] - Download progress: [0;94m 40.1%[0m
2025-03-12 21:17:57,228 - INFO - [youtube_manager.py:127] - Download progress: [0;94m 40.2%[0m
2025-03-12 21:17:57,229 - INFO - [youtube_manager.py:127] - Download progress: [0;94m 40.4%[0m
2025-03-12 21:17:57,269 - INFO - [youtube_manager.py:127] - Download progress: [0;94m 40.8%[0m
2025-03-12 21:17:57,347 - INFO - [youtube_manager.py:127] - Download progress: [0;94m 41.6%[0m
2025-03-12 21:17:57,503 - INFO - [youtube_manager.py:127] - Download progress: [0;94m 43.1%[0m
2025-03-12 21:17:57,974 - INFO - [youtube_manager.py:127] - Download progress: [0;94m 45.7%[0m
2025-03-12 21:17:58,296 - INFO - [youtube_manager.py:127] - Download progress: [0;94m 44.3%[0m
2025-03-12 21:17:58,297 - INFO - [youtube_manager.py:127] - Download progress: [0;94m 30.2%[0m
2025-03-12 21:17:58,699 - INFO - [youtube_manager.py:127] - Download progress: [0;94m 50.0%[0m
2025-03-12 21:17:58,704 - INFO - [youtube_manager.py:127] - Download progress: [0;94m 50.0%[0m
2025-03-12 21:17:58,706 - INFO - [youtube_manager.py:127] - Download progress: [0;94m 50.0%[0m
2025-03-12 21:17:58,708 - INFO - [youtube_manager.py:127] - Download progress: [0;94m 50.0%[0m
2025-03-12 21:17:58,711 - INFO - [youtube_manager.py:127] - Download progress: [0;94m 50.0%[0m
2025-03-12 21:17:58,717 - INFO - [youtube_manager.py:127] - Download progress: [0;94m 50.1%[0m
2025-03-12 21:17:58,728 - INFO - [youtube_manager.py:127] - Download progress: [0;94m 50.2%[0m
2025-03-12 21:17:58,748 - INFO - [youtube_manager.py:127] - Download progress: [0;94m 50.4%[0m
2025-03-12 21:17:58,795 - INFO - [youtube_manager.py:127] - Download progress: [0;94m 50.7%[0m
2025-03-12 21:17:58,894 - INFO - [youtube_manager.py:127] - Download progress: [0;94m 51.4%[0m
2025-03-12 21:17:59,104 - INFO - [youtube_manager.py:127] - Download progress: [0;94m 52.7%[0m
2025-03-12 21:17:59,596 - INFO - [youtube_manager.py:127] - Download progress: [0;94m 55.1%[0m
2025-03-12 21:17:59,851 - INFO - [youtube_manager.py:127] - Download progress: [0;94m 53.6%[0m
2025-03-12 21:17:59,852 - INFO - [youtube_manager.py:127] - Download progress: [0;94m 40.3%[0m
2025-03-12 21:18:00,050 - INFO - [youtube_manager.py:127] - Download progress: [0;94m 60.0%[0m
2025-03-12 21:18:00,063 - INFO - [youtube_manager.py:127] - Download progress: [0;94m 60.0%[0m
2025-03-12 21:18:00,065 - INFO - [youtube_manager.py:127] - Download progress: [0;94m 60.0%[0m
2025-03-12 21:18:00,069 - INFO - [youtube_manager.py:127] - Download progress: [0;94m 60.0%[0m
2025-03-12 21:18:00,070 - INFO - [youtube_manager.py:127] - Download progress: [0;94m 60.0%[0m
2025-03-12 21:18:00,072 - INFO - [youtube_manager.py:127] - Download progress: [0;94m 60.1%[0m
2025-03-12 21:18:00,085 - INFO - [youtube_manager.py:127] - Download progress: [0;94m 60.2%[0m
2025-03-12 21:18:00,104 - INFO - [youtube_manager.py:127] - Download progress: [0;94m 60.3%[0m
2025-03-12 21:18:00,187 - INFO - [youtube_manager.py:127] - Download progress: [0;94m 60.6%[0m
2025-03-12 21:18:00,265 - INFO - [youtube_manager.py:127] - Download progress: [0;94m 61.3%[0m
2025-03-12 21:18:00,426 - INFO - [youtube_manager.py:127] - Download progress: [0;94m 62.5%[0m
2025-03-12 21:18:00,803 - INFO - [youtube_manager.py:127] - Download progress: [0;94m 64.8%[0m
2025-03-12 21:18:00,920 - INFO - [youtube_manager.py:127] - Download progress: [0;94m 61.4%[0m
2025-03-12 21:18:00,922 - INFO - [youtube_manager.py:127] - Download progress: [0;94m 51.4%[0m
2025-03-12 21:18:01,241 - INFO - [youtube_manager.py:127] - Download progress: [0;94m 70.0%[0m
2025-03-12 21:18:01,243 - INFO - [youtube_manager.py:127] - Download progress: [0;94m 70.0%[0m
2025-03-12 21:18:01,244 - INFO - [youtube_manager.py:127] - Download progress: [0;94m 70.0%[0m
2025-03-12 21:18:01,246 - INFO - [youtube_manager.py:127] - Download progress: [0;94m 70.0%[0m
2025-03-12 21:18:01,247 - INFO - [youtube_manager.py:127] - Download progress: [0;94m 70.0%[0m
2025-03-12 21:18:01,249 - INFO - [youtube_manager.py:127] - Download progress: [0;94m 70.1%[0m
2025-03-12 21:18:01,263 - INFO - [youtube_manager.py:127] - Download progress: [0;94m 70.2%[0m
2025-03-12 21:18:01,288 - INFO - [youtube_manager.py:127] - Download progress: [0;94m 70.3%[0m
2025-03-12 21:18:01,324 - INFO - [youtube_manager.py:127] - Download progress: [0;94m 70.6%[0m
2025-03-12 21:18:01,417 - INFO - [youtube_manager.py:127] - Download progress: [0;94m 71.2%[0m
2025-03-12 21:18:01,612 - INFO - [youtube_manager.py:127] - Download progress: [0;94m 72.4%[0m
2025-03-12 21:18:02,009 - INFO - [youtube_manager.py:127] - Download progress: [0;94m 74.7%[0m
2025-03-12 21:18:02,458 - INFO - [youtube_manager.py:127] - Download progress: [0;94m 74.8%[0m
2025-03-12 21:18:02,460 - INFO - [youtube_manager.py:127] - Download progress: [0;94m 59.2%[0m
2025-03-12 21:18:02,924 - INFO - [youtube_manager.py:127] - Download progress: [0;94m 80.0%[0m
2025-03-12 21:18:02,926 - INFO - [youtube_manager.py:127] - Download progress: [0;94m 80.0%[0m
2025-03-12 21:18:02,929 - INFO - [youtube_manager.py:127] - Download progress: [0;94m 80.0%[0m
2025-03-12 21:18:02,931 - INFO - [youtube_manager.py:127] - Download progress: [0;94m 80.0%[0m
2025-03-12 21:18:02,933 - INFO - [youtube_manager.py:127] - Download progress: [0;94m 80.0%[0m
2025-03-12 21:18:02,935 - INFO - [youtube_manager.py:127] - Download progress: [0;94m 80.1%[0m
2025-03-12 21:18:02,941 - INFO - [youtube_manager.py:127] - Download progress: [0;94m 80.1%[0m
2025-03-12 21:18:02,957 - INFO - [youtube_manager.py:127] - Download progress: [0;94m 80.3%[0m
2025-03-12 21:18:03,009 - INFO - [youtube_manager.py:127] - Download progress: [0;94m 80.6%[0m
2025-03-12 21:18:03,088 - INFO - [youtube_manager.py:127] - Download progress: [0;94m 81.2%[0m
2025-03-12 21:18:03,232 - INFO - [youtube_manager.py:127] - Download progress: [0;94m 82.3%[0m
2025-03-12 21:18:03,593 - INFO - [youtube_manager.py:127] - Download progress: [0;94m 84.4%[0m
2025-03-12 21:18:03,841 - INFO - [youtube_manager.py:127] - Download progress: [0;94m 83.6%[0m
2025-03-12 21:18:03,843 - INFO - [youtube_manager.py:127] - Download progress: [0;94m 69.9%[0m
2025-03-12 21:18:04,363 - INFO - [youtube_manager.py:127] - Download progress: [0;94m 90.0%[0m
2025-03-12 21:18:04,365 - INFO - [youtube_manager.py:127] - Download progress: [0;94m 90.0%[0m
2025-03-12 21:18:04,367 - INFO - [youtube_manager.py:127] - Download progress: [0;94m 90.0%[0m
2025-03-12 21:18:04,369 - INFO - [youtube_manager.py:127] - Download progress: [0;94m 90.0%[0m
2025-03-12 21:18:04,371 - INFO - [youtube_manager.py:127] - Download progress: [0;94m 90.0%[0m
2025-03-12 21:18:04,373 - INFO - [youtube_manager.py:127] - Download progress: [0;94m 90.1%[0m
2025-03-12 21:18:04,374 - INFO - [youtube_manager.py:127] - Download progress: [0;94m 90.1%[0m
2025-03-12 21:18:04,393 - INFO - [youtube_manager.py:127] - Download progress: [0;94m 90.3%[0m
2025-03-12 21:18:04,431 - INFO - [youtube_manager.py:127] - Download progress: [0;94m 90.6%[0m
2025-03-12 21:18:04,523 - INFO - [youtube_manager.py:127] - Download progress: [0;94m 91.1%[0m
2025-03-12 21:18:04,687 - INFO - [youtube_manager.py:127] - Download progress: [0;94m 92.2%[0m
2025-03-12 21:18:05,061 - INFO - [youtube_manager.py:127] - Download progress: [0;94m 94.3%[0m
2025-03-12 21:18:05,602 - INFO - [youtube_manager.py:127] - Download progress: [0;94m 94.4%[0m
2025-03-12 21:18:05,604 - INFO - [youtube_manager.py:127] - Download progress: [0;94m 79.4%[0m
2025-03-12 21:18:05,783 - INFO - [youtube_manager.py:127] - Download progress: [0;94m100.0%[0m
2025-03-12 21:18:05,787 - INFO - [youtube_manager.py:127] - Download progress: [0;94m100.0%[0m
2025-03-12 21:18:05,791 - INFO - [youtube_manager.py:127] - Download progress: [0;94m100.0%[0m
2025-03-12 21:18:05,792 - INFO - [youtube_manager.py:127] - Download progress: [0;94m100.0%[0m
2025-03-12 21:18:05,794 - INFO - [youtube_manager.py:127] - Download progress: [0;94m100.0%[0m
2025-03-12 21:18:05,802 - INFO - [youtube_manager.py:127] - Download progress: [0;94m100.0%[0m
2025-03-12 21:18:05,813 - INFO - [youtube_manager.py:127] - Download progress: [0;94m100.0%[0m
2025-03-12 21:18:05,840 - INFO - [youtube_manager.py:127] - Download progress: [0;94m100.0%[0m
2025-03-12 21:18:05,956 - INFO - [youtube_manager.py:127] - Download progress: [0;94m100.0%[0m
2025-03-12 21:18:06,045 - INFO - [youtube_manager.py:127] - Download progress: [0;94m100.0%[0m
2025-03-12 21:18:06,262 - INFO - [youtube_manager.py:127] - Download progress: [0;94m100.0%[0m
2025-03-12 21:18:06,666 - INFO - [youtube_manager.py:127] - Download progress: [0;94m100.0%[0m
2025-03-12 21:18:07,013 - INFO - [youtube_manager.py:127] - Download progress: [0;94m100.0%[0m
2025-03-12 21:18:07,016 - INFO - [youtube_manager.py:127] - Download progress: [0;94m 90.1%[0m
2025-03-12 21:18:07,345 - INFO - [youtube_manager.py:127] - Download progress: [0;94m100.0%[0m
2025-03-12 21:18:07,347 - INFO - [youtube_manager.py:127] - Download progress: [0;94m100.0%[0m
2025-03-12 21:18:07,348 - INFO - [youtube_manager.py:127] - Download progress: [0;94m100.0%[0m
2025-03-12 21:18:07,349 - INFO - [youtube_manager.py:127] - Download progress: [0;94m100.0%[0m
2025-03-12 21:18:07,358 - INFO - [youtube_manager.py:127] - Download progress: [0;94m100.0%[0m
2025-03-12 21:18:07,360 - INFO - [youtube_manager.py:127] - Download progress: [0;94m100.0%[0m
2025-03-12 21:18:07,372 - INFO - [youtube_manager.py:127] - Download progress: [0;94m100.0%[0m
2025-03-12 21:18:07,390 - INFO - [youtube_manager.py:127] - Download progress: [0;94m100.0%[0m
2025-03-12 21:18:07,435 - INFO - [youtube_manager.py:127] - Download progress: [0;94m100.0%[0m
2025-03-12 21:18:07,519 - INFO - [youtube_manager.py:127] - Download progress: [0;94m100.0%[0m
2025-03-12 21:18:07,686 - INFO - [youtube_manager.py:127] - Download progress: [0;94m100.0%[0m
2025-03-12 21:18:08,051 - INFO - [youtube_manager.py:127] - Download progress: [0;94m100.0%[0m
2025-03-12 21:18:08,612 - INFO - [youtube_manager.py:127] - Download progress: [0;94m100.0%[0m
2025-03-12 21:18:08,614 - INFO - [youtube_manager.py:127] - Download progress: [0;94m 98.4%[0m
2025-03-12 21:18:09,058 - INFO - [youtube_manager.py:127] - Download progress: [0;94m  0.1%[0m
2025-03-12 21:18:09,060 - INFO - [youtube_manager.py:127] - Download progress: [0;94m  0.4%[0m
2025-03-12 21:18:09,061 - INFO - [youtube_manager.py:127] - Download progress: [0;94m  0.9%[0m
2025-03-12 21:18:09,062 - INFO - [youtube_manager.py:127] - Download progress: [0;94m  1.9%[0m
2025-03-12 21:18:09,063 - INFO - [youtube_manager.py:127] - Download progress: [0;94m  3.8%[0m
2025-03-12 21:18:09,064 - INFO - [youtube_manager.py:127] - Download progress: [0;94m  7.8%[0m
2025-03-12 21:18:09,075 - INFO - [youtube_manager.py:127] - Download progress: [0;94m 15.8%[0m
2025-03-12 21:18:09,098 - INFO - [youtube_manager.py:127] - Download progress: [0;94m 31.7%[0m
2025-03-12 21:18:09,149 - INFO - [youtube_manager.py:127] - Download progress: [0;94m 63.4%[0m
2025-03-12 21:18:09,206 - INFO - [youtube_manager.py:127] - Download progress: [0;94m100.0%[0m
2025-03-12 21:18:09,519 - INFO - [youtube_manager.py:249] - Created backup copy at: d:\Python Projects\YouTube01\Videos\backup__EP138-139 Trailer _3 Battle Through the Heavens _ _ _ _Official__zROIu101bLw.mp4
2025-03-12 21:18:09,521 - INFO - [youtube_manager.py:362] - Uploading to Google Drive...
2025-03-12 21:18:09,522 - INFO - [youtube_manager.py:284] - Starting upload to Google Drive
2025-03-12 21:20:59,095 - INFO - [youtube_manager.py:299] - Upload progress: 84%
2025-03-12 21:21:15,965 - INFO - [youtube_manager.py:306] - Successfully uploaded to Google Drive! File ID: 1dhWEOX_rMtKo0CRAcmkYHreFijSAAqOH
2025-03-12 21:21:17,601 - INFO - [youtube_manager.py:330] - Video data added successfully to spreadsheet
2025-03-12 21:21:17,601 - INFO - [youtube_manager.py:370] - Video processing completed successfully
2025-03-12 21:21:17,613 - INFO - [youtube_manager.py:384] - Cleaned up downloaded file
2025-03-12 21:26:21,832 - ERROR - [youtube_manager.py:377] - Error processing video: Invalid YouTube URL format. Please provide a valid YouTube URL or video ID.
Supported formats:
- https://www.youtube.com/watch?v=VIDEO_ID
- https://youtu.be/VIDEO_ID
- https://youtube.com/shorts/VIDEO_ID
- VIDEO_ID (11 characters)
2025-03-12 21:32:01,158 - INFO - [youtube_manager.py:97] - Successfully authenticated with Google services
